#
# There is insufficient memory for the Java Runtime Environment to continue.
# Native memory allocation (mmap) failed to map 287309824 bytes for G1 virtual space
# Possible reasons:
#   The system is out of physical RAM or swap space
#   The process is running with CompressedOops enabled, and the Java Heap may be blocking the growth of the native heap
# Possible solutions:
#   Reduce memory load on the system
#   Increase physical memory or swap space
#   Check if swap backing store is full
#   Decrease Java heap size (-Xmx/-Xms)
#   Decrease number of Java threads
#   Decrease Java thread stack sizes (-Xss)
#   Set larger code cache with -XX:ReservedCodeCacheSize=
#   JVM is running with Unscaled Compressed Oops mode in which the Java heap is
#     placed in the first 4GB address space. The Java Heap base address is the
#     maximum limit for the native heap growth. Please use -XX:HeapBaseMinAddress
#     to set the Java Heap base and to place the Java Heap above 4GB virtual address.
# This output file may be truncated or incomplete.
#
#  Out of Memory Error (os_windows.cpp:3541), pid=18268, tid=13620
#
# JRE version: Java(TM) SE Runtime Environment (17.0.5+9) (build 17.0.5+9-LTS-191)
# Java VM: Java HotSpot(TM) 64-Bit Server VM (17.0.5+9-LTS-191, mixed mode, sharing, tiered, compressed oops, compressed class ptrs, g1 gc, windows-amd64)
# No core dump will be written. Minidumps are not enabled by default on client versions of Windows
#

---------------  S U M M A R Y ------------

Command Line: C:\Users\moham\AppData\Local\Temp\surefire12765715145115368427\surefirebooter5657143544036070816.jar C:\Users\moham\AppData\Local\Temp\surefire12765715145115368427 2022-10-29T20-36-37_530-jvmRun1 surefire15986973540643887134tmp surefire_02614498219219338701tmp

Host: AMD Ryzen 5 4500U with Radeon Graphics         , 6 cores, 3G,  Windows 10 , 64 bit Build 19041 (10.0.19041.1889)
Time: Sat Oct 29 20:36:55 2022 Morocco Daylight Time elapsed time: 17.157750 seconds (0d 0h 0m 17s)

---------------  T H R E A D  ---------------

Current thread (0x00000164539f5f10):  VMThread "VM Thread" [stack: 0x00000049b6800000,0x00000049b6900000] [id=13620]

Stack: [0x00000049b6800000,0x00000049b6900000]
Native frames: (J=compiled Java code, j=interpreted, Vv=VM code, C=native code)
V  [jvm.dll+0x672eea]
V  [jvm.dll+0x7d2a04]
V  [jvm.dll+0x7d41ae]
V  [jvm.dll+0x7d4813]
V  [jvm.dll+0x242c15]
V  [jvm.dll+0x66fe09]
V  [jvm.dll+0x664682]
V  [jvm.dll+0x300e8b]
V  [jvm.dll+0x308426]
V  [jvm.dll+0x357ffe]
V  [jvm.dll+0x35822f]
V  [jvm.dll+0x2d80a8]
V  [jvm.dll+0x2d6374]
V  [jvm.dll+0x2d597c]
V  [jvm.dll+0x3193eb]
V  [jvm.dll+0x7d8ceb]
V  [jvm.dll+0x7d9a24]
V  [jvm.dll+0x7d9f3c]
V  [jvm.dll+0x7da314]
V  [jvm.dll+0x7da3e0]
V  [jvm.dll+0x782b4a]
V  [jvm.dll+0x671d75]
C  [ucrtbase.dll+0x21bb2]
C  [KERNEL32.DLL+0x17034]
C  [ntdll.dll+0x526a1]

VM_Operation (0x00000049b62fa430): G1CollectForAllocation, mode: safepoint, requested by thread 0x000001643890d190


---------------  P R O C E S S  ---------------

Threads class SMR info:
_java_thread_list=0x0000016455e39c70, length=15, elements={
0x000001643890d190, 0x00000164539fba80, 0x00000164539fd220, 0x0000016453a120b0,
0x0000016453a13980, 0x0000016453a14240, 0x0000016453a1bf00, 0x0000016453a1d340,
0x0000016453a1dcf0, 0x0000016453a20600, 0x0000016454544600, 0x000001645454cfa0,
0x0000016454580370, 0x0000016454696aa0, 0x0000016456d828f0
}

Java Threads: ( => current thread )
  0x000001643890d190 JavaThread "main" [_thread_blocked, id=18296, stack(0x00000049b6200000,0x00000049b6300000)]
  0x00000164539fba80 JavaThread "Reference Handler" daemon [_thread_blocked, id=16464, stack(0x00000049b6900000,0x00000049b6a00000)]
  0x00000164539fd220 JavaThread "Finalizer" daemon [_thread_blocked, id=15280, stack(0x00000049b6a00000,0x00000049b6b00000)]
  0x0000016453a120b0 JavaThread "Signal Dispatcher" daemon [_thread_blocked, id=16756, stack(0x00000049b6b00000,0x00000049b6c00000)]
  0x0000016453a13980 JavaThread "Attach Listener" daemon [_thread_blocked, id=6264, stack(0x00000049b6c00000,0x00000049b6d00000)]
  0x0000016453a14240 JavaThread "Service Thread" daemon [_thread_blocked, id=8556, stack(0x00000049b6d00000,0x00000049b6e00000)]
  0x0000016453a1bf00 JavaThread "Monitor Deflation Thread" daemon [_thread_blocked, id=10356, stack(0x00000049b6e00000,0x00000049b6f00000)]
  0x0000016453a1d340 JavaThread "C2 CompilerThread0" daemon [_thread_blocked, id=10924, stack(0x00000049b6f00000,0x00000049b7000000)]
  0x0000016453a1dcf0 JavaThread "C1 CompilerThread0" daemon [_thread_blocked, id=13852, stack(0x00000049b7000000,0x00000049b7100000)]
  0x0000016453a20600 JavaThread "Sweeper thread" daemon [_thread_blocked, id=18396, stack(0x00000049b7100000,0x00000049b7200000)]
  0x0000016454544600 JavaThread "Notification Thread" daemon [_thread_blocked, id=16168, stack(0x00000049b7200000,0x00000049b7300000)]
  0x000001645454cfa0 JavaThread "Common-Cleaner" daemon [_thread_blocked, id=14680, stack(0x00000049b7400000,0x00000049b7500000)]
  0x0000016454580370 JavaThread "surefire-forkedjvm-command-thread" daemon [_thread_in_native, id=16976, stack(0x00000049b7500000,0x00000049b7600000)]
  0x0000016454696aa0 JavaThread "surefire-forkedjvm-ping-30s" daemon [_thread_in_native, id=1456, stack(0x00000049b7600000,0x00000049b7700000)]
  0x0000016456d828f0 JavaThread "HikariPool-1 housekeeper" daemon [_thread_blocked, id=13360, stack(0x00000049b7f00000,0x00000049b8000000)]

Other Threads:
=>0x00000164539f5f10 VMThread "VM Thread" [stack: 0x00000049b6800000,0x00000049b6900000] [id=13620]
  0x000001645454bd30 WatcherThread [stack: 0x00000049b7300000,0x00000049b7400000] [id=14792]
  0x0000016438944e10 GCTaskThread "GC Thread#0" [stack: 0x00000049b6300000,0x00000049b6400000] [id=16564]
  0x000001645479eac0 GCTaskThread "GC Thread#1" [stack: 0x00000049b7700000,0x00000049b7800000] [id=13512]
  0x000001645515fc50 GCTaskThread "GC Thread#2" [stack: 0x00000049b7800000,0x00000049b7900000] [id=12412]
  0x0000016455281db0 GCTaskThread "GC Thread#3" [stack: 0x00000049b7900000,0x00000049b7a00000] [id=7568]
  0x0000016455282060 GCTaskThread "GC Thread#4" [stack: 0x00000049b7a00000,0x00000049b7b00000] [id=2068]
  0x00000164553e5cc0 GCTaskThread "GC Thread#5" [stack: 0x00000049b7b00000,0x00000049b7c00000] [id=9652]
  0x000001643894e040 ConcurrentGCThread "G1 Main Marker" [stack: 0x00000049b6400000,0x00000049b6500000] [id=16356]
  0x000001643894f910 ConcurrentGCThread "G1 Conc#0" [stack: 0x00000049b6500000,0x00000049b6600000] [id=14368]
  0x0000016455a238b0 ConcurrentGCThread "G1 Conc#1" [stack: 0x00000049b7e00000,0x00000049b7f00000] [id=16920]
  0x0000016438992180 ConcurrentGCThread "G1 Refine#0" [stack: 0x00000049b6600000,0x00000049b6700000] [id=8308]
  0x0000016455252330 ConcurrentGCThread "G1 Refine#1" [stack: 0x00000049b7c00000,0x00000049b7d00000] [id=2428]
  0x0000016438993ac0 ConcurrentGCThread "G1 Service" [stack: 0x00000049b6700000,0x00000049b6800000] [id=13016]

Threads with active compile tasks:
C2 CompilerThread0    17196 6172 %     4       io.github.classgraph.ClasspathElementZip::scanPaths @ 517 (879 bytes)

VM state: at safepoint (normal execution)

VM Mutex/Monitor currently owned by a thread:  ([mutex/lock_event])
[0x0000016438909e10] Threads_lock - owner thread: 0x00000164539f5f10
[0x000001643890ab00] Heap_lock - owner thread: 0x000001643890d190

Heap address: 0x00000000ca200000, size: 862 MB, Compressed Oops mode: 32-bit

CDS archive(s) mapped at: [0x0000000800000000-0x0000000800bd0000-0x0000000800bd0000), size 12386304, SharedBaseAddress: 0x0000000800000000, ArchiveRelocationMode: 0.
Compressed class space mapped at: 0x0000000800c00000-0x0000000840c00000, reserved size: 1073741824
Narrow klass base: 0x0000000800000000, Narrow klass shift: 0, Narrow klass range: 0x100000000

GC Precious Log:
 CPUs: 6 total, 6 available
 Memory: 3445M
 Large Page Support: Disabled
 NUMA Support: Disabled
 Compressed Oops: Enabled (32-bit)
 Heap Region Size: 1M
 Heap Min Capacity: 8M
 Heap Initial Capacity: 54M
 Heap Max Capacity: 862M
 Pre-touch: Disabled
 Parallel Workers: 6
 Concurrent Workers: 2
 Concurrent Refinement Workers: 6
 Periodic GC: Disabled

Heap:
 garbage-first heap   total 140288K, used 64370K [0x00000000ca200000, 0x0000000100000000)
  region size 1024K, 1 young (1024K), 1 survivors (1024K)
 Metaspace       used 62756K, committed 63168K, reserved 1105920K
  class space    used 8707K, committed 8896K, reserved 1048576K

Heap Regions: E=young(eden), S=young(survivor), O=old, HS=humongous(starts), HC=humongous(continues), CS=collection set, F=free, OA=open archive, CA=closed archive, TAMS=top-at-mark-start (previous, next)
|   0|0x00000000ca200000, 0x00000000ca300000, 0x00000000ca300000|100%|HS|  |TAMS 0x00000000ca300000, 0x00000000ca200000| Complete 
|   1|0x00000000ca300000, 0x00000000ca400000, 0x00000000ca400000|100%| O|  |TAMS 0x00000000ca400000, 0x00000000ca300000| Untracked 
|   2|0x00000000ca400000, 0x00000000ca500000, 0x00000000ca500000|100%| O|  |TAMS 0x00000000ca500000, 0x00000000ca400000| Untracked 
|   3|0x00000000ca500000, 0x00000000ca600000, 0x00000000ca600000|100%| O|  |TAMS 0x00000000ca600000, 0x00000000ca500000| Untracked 
|   4|0x00000000ca600000, 0x00000000ca700000, 0x00000000ca700000|100%| O|  |TAMS 0x00000000ca600000, 0x00000000ca600000| Untracked 
|   5|0x00000000ca700000, 0x00000000ca800000, 0x00000000ca800000|100%| O|  |TAMS 0x00000000ca800000, 0x00000000ca700000| Untracked 
|   6|0x00000000ca800000, 0x00000000ca900000, 0x00000000ca900000|100%| O|  |TAMS 0x00000000ca900000, 0x00000000ca800000| Untracked 
|   7|0x00000000ca900000, 0x00000000caa00000, 0x00000000caa00000|100%| O|  |TAMS 0x00000000caa00000, 0x00000000ca900000| Untracked 
|   8|0x00000000caa00000, 0x00000000cab00000, 0x00000000cab00000|100%| O|  |TAMS 0x00000000cab00000, 0x00000000caa00000| Untracked 
|   9|0x00000000cab00000, 0x00000000cac00000, 0x00000000cac00000|100%| O|  |TAMS 0x00000000cac00000, 0x00000000cab00000| Untracked 
|  10|0x00000000cac00000, 0x00000000cad00000, 0x00000000cad00000|100%| O|  |TAMS 0x00000000cad00000, 0x00000000cac00000| Untracked 
|  11|0x00000000cad00000, 0x00000000cae00000, 0x00000000cae00000|100%| O|  |TAMS 0x00000000cae00000, 0x00000000cad00000| Untracked 
|  12|0x00000000cae00000, 0x00000000caf00000, 0x00000000caf00000|100%| O|  |TAMS 0x00000000caf00000, 0x00000000cae00000| Untracked 
|  13|0x00000000caf00000, 0x00000000cb000000, 0x00000000cb000000|100%| O|  |TAMS 0x00000000cb000000, 0x00000000caf00000| Untracked 
|  14|0x00000000cb000000, 0x00000000cb100000, 0x00000000cb100000|100%| O|  |TAMS 0x00000000cb100000, 0x00000000cb000000| Untracked 
|  15|0x00000000cb100000, 0x00000000cb200000, 0x00000000cb200000|100%| O|  |TAMS 0x00000000cb200000, 0x00000000cb100000| Untracked 
|  16|0x00000000cb200000, 0x00000000cb300000, 0x00000000cb300000|100%| O|  |TAMS 0x00000000cb300000, 0x00000000cb200000| Untracked 
|  17|0x00000000cb300000, 0x00000000cb400000, 0x00000000cb400000|100%| O|  |TAMS 0x00000000cb400000, 0x00000000cb300000| Untracked 
|  18|0x00000000cb400000, 0x00000000cb500000, 0x00000000cb500000|100%| O|  |TAMS 0x00000000cb500000, 0x00000000cb400000| Untracked 
|  19|0x00000000cb500000, 0x00000000cb600000, 0x00000000cb600000|100%| O|  |TAMS 0x00000000cb600000, 0x00000000cb500000| Untracked 
|  20|0x00000000cb600000, 0x00000000cb700000, 0x00000000cb700000|100%| O|  |TAMS 0x00000000cb700000, 0x00000000cb600000| Untracked 
|  21|0x00000000cb700000, 0x00000000cb800000, 0x00000000cb800000|100%| O|  |TAMS 0x00000000cb800000, 0x00000000cb700000| Untracked 
|  22|0x00000000cb800000, 0x00000000cb900000, 0x00000000cb900000|100%| O|  |TAMS 0x00000000cb900000, 0x00000000cb800000| Untracked 
|  23|0x00000000cb900000, 0x00000000cba00000, 0x00000000cba00000|100%| O|  |TAMS 0x00000000cba00000, 0x00000000cb900000| Untracked 
|  24|0x00000000cba00000, 0x00000000cbb00000, 0x00000000cbb00000|100%| O|  |TAMS 0x00000000cbb00000, 0x00000000cba00000| Untracked 
|  25|0x00000000cbb00000, 0x00000000cbc00000, 0x00000000cbc00000|100%| O|  |TAMS 0x00000000cbc00000, 0x00000000cbb00000| Untracked 
|  26|0x00000000cbc00000, 0x00000000cbd00000, 0x00000000cbd00000|100%| O|  |TAMS 0x00000000cbd00000, 0x00000000cbc00000| Untracked 
|  27|0x00000000cbd00000, 0x00000000cbe00000, 0x00000000cbe00000|100%| O|  |TAMS 0x00000000cbe00000, 0x00000000cbd00000| Untracked 
|  28|0x00000000cbe00000, 0x00000000cbf00000, 0x00000000cbf00000|100%| O|  |TAMS 0x00000000cbf00000, 0x00000000cbe00000| Untracked 
|  29|0x00000000cbf00000, 0x00000000cc000000, 0x00000000cc000000|100%| O|  |TAMS 0x00000000cc000000, 0x00000000cbf00000| Untracked 
|  30|0x00000000cc000000, 0x00000000cc100000, 0x00000000cc100000|100%| O|  |TAMS 0x00000000cc100000, 0x00000000cc000000| Untracked 
|  31|0x00000000cc100000, 0x00000000cc200000, 0x00000000cc200000|100%| O|  |TAMS 0x00000000cc200000, 0x00000000cc100000| Untracked 
|  32|0x00000000cc200000, 0x00000000cc300000, 0x00000000cc300000|100%| O|  |TAMS 0x00000000cc300000, 0x00000000cc200000| Untracked 
|  33|0x00000000cc300000, 0x00000000cc400000, 0x00000000cc400000|100%| O|  |TAMS 0x00000000cc400000, 0x00000000cc300000| Untracked 
|  34|0x00000000cc400000, 0x00000000cc500000, 0x00000000cc500000|100%| O|  |TAMS 0x00000000cc500000, 0x00000000cc400000| Untracked 
|  35|0x00000000cc500000, 0x00000000cc600000, 0x00000000cc600000|100%| O|  |TAMS 0x00000000cc600000, 0x00000000cc500000| Untracked 
|  36|0x00000000cc600000, 0x00000000cc700000, 0x00000000cc700000|100%| O|  |TAMS 0x00000000cc600000, 0x00000000cc600000| Untracked 
|  37|0x00000000cc700000, 0x00000000cc800000, 0x00000000cc800000|100%| O|  |TAMS 0x00000000cc800000, 0x00000000cc700000| Untracked 
|  38|0x00000000cc800000, 0x00000000cc900000, 0x00000000cc900000|100%| O|  |TAMS 0x00000000cc900000, 0x00000000cc800000| Untracked 
|  39|0x00000000cc900000, 0x00000000cca00000, 0x00000000cca00000|100%| O|  |TAMS 0x00000000cca00000, 0x00000000cc900000| Untracked 
|  40|0x00000000cca00000, 0x00000000ccb00000, 0x00000000ccb00000|100%| O|  |TAMS 0x00000000ccb00000, 0x00000000cca00000| Untracked 
|  41|0x00000000ccb00000, 0x00000000ccb00000, 0x00000000ccc00000|  0%| F|  |TAMS 0x00000000ccb00000, 0x00000000ccb00000| Untracked 
|  42|0x00000000ccc00000, 0x00000000ccc00000, 0x00000000ccd00000|  0%| F|  |TAMS 0x00000000ccc00000, 0x00000000ccc00000| Untracked 
|  43|0x00000000ccd00000, 0x00000000cce00000, 0x00000000cce00000|100%| O|  |TAMS 0x00000000cce00000, 0x00000000ccd00000| Untracked 
|  44|0x00000000cce00000, 0x00000000ccf00000, 0x00000000ccf00000|100%| O|  |TAMS 0x00000000ccf00000, 0x00000000cce00000| Untracked 
|  45|0x00000000ccf00000, 0x00000000cd000000, 0x00000000cd000000|100%| O|  |TAMS 0x00000000cd000000, 0x00000000ccf00000| Untracked 
|  46|0x00000000cd000000, 0x00000000cd100000, 0x00000000cd100000|100%| O|  |TAMS 0x00000000cd100000, 0x00000000cd000000| Untracked 
|  47|0x00000000cd100000, 0x00000000cd100000, 0x00000000cd200000|  0%| F|  |TAMS 0x00000000cd100000, 0x00000000cd100000| Untracked 
|  48|0x00000000cd200000, 0x00000000cd200000, 0x00000000cd300000|  0%| F|  |TAMS 0x00000000cd200000, 0x00000000cd200000| Untracked 
|  49|0x00000000cd300000, 0x00000000cd400000, 0x00000000cd400000|100%| O|  |TAMS 0x00000000cd300000, 0x00000000cd300000| Untracked 
|  50|0x00000000cd400000, 0x00000000cd500000, 0x00000000cd500000|100%| O|  |TAMS 0x00000000cd400000, 0x00000000cd400000| Untracked 
|  51|0x00000000cd500000, 0x00000000cd600000, 0x00000000cd600000|100%| O|  |TAMS 0x00000000cd500000, 0x00000000cd500000| Untracked 
|  52|0x00000000cd600000, 0x00000000cd700000, 0x00000000cd700000|100%| O|  |TAMS 0x00000000cd600000, 0x00000000cd600000| Untracked 
|  53|0x00000000cd700000, 0x00000000cd700000, 0x00000000cd800000|  0%| F|  |TAMS 0x00000000cd700000, 0x00000000cd700000| Untracked 
|  54|0x00000000cd800000, 0x00000000cd800000, 0x00000000cd900000|  0%| F|  |TAMS 0x00000000cd800000, 0x00000000cd800000| Untracked 
|  55|0x00000000cd900000, 0x00000000cda00000, 0x00000000cda00000|100%| O|  |TAMS 0x00000000cd900000, 0x00000000cd900000| Untracked 
|  56|0x00000000cda00000, 0x00000000cdb00000, 0x00000000cdb00000|100%| O|  |TAMS 0x00000000cda00000, 0x00000000cda00000| Untracked 
|  57|0x00000000cdb00000, 0x00000000cdc00000, 0x00000000cdc00000|100%| O|  |TAMS 0x00000000cdb00000, 0x00000000cdb00000| Untracked 
|  58|0x00000000cdc00000, 0x00000000cdd00000, 0x00000000cdd00000|100%| O|  |TAMS 0x00000000cdc00000, 0x00000000cdc00000| Untracked 
|  59|0x00000000cdd00000, 0x00000000cde00000, 0x00000000cde00000|100%| O|  |TAMS 0x00000000cdd00000, 0x00000000cdd00000| Untracked 
|  60|0x00000000cde00000, 0x00000000cdf00000, 0x00000000cdf00000|100%| O|  |TAMS 0x00000000cde00000, 0x00000000cde00000| Untracked 
|  61|0x00000000cdf00000, 0x00000000ce000000, 0x00000000ce000000|100%| O|  |TAMS 0x00000000cdf00000, 0x00000000cdf00000| Untracked 
|  62|0x00000000ce000000, 0x00000000ce100000, 0x00000000ce100000|100%| O|  |TAMS 0x00000000ce000000, 0x00000000ce000000| Untracked 
|  63|0x00000000ce100000, 0x00000000ce200000, 0x00000000ce200000|100%| O|  |TAMS 0x00000000ce100000, 0x00000000ce100000| Untracked 
|  64|0x00000000ce200000, 0x00000000ce300000, 0x00000000ce300000|100%| O|  |TAMS 0x00000000ce200000, 0x00000000ce200000| Untracked 
|  65|0x00000000ce300000, 0x00000000ce400000, 0x00000000ce400000|100%| O|  |TAMS 0x00000000ce300000, 0x00000000ce300000| Untracked 
|  66|0x00000000ce400000, 0x00000000ce500000, 0x00000000ce500000|100%| O|  |TAMS 0x00000000ce400000, 0x00000000ce400000| Untracked 
|  67|0x00000000ce500000, 0x00000000ce5dc800, 0x00000000ce600000| 86%| O|  |TAMS 0x00000000ce500000, 0x00000000ce500000| Untracked 
|  68|0x00000000ce600000, 0x00000000ce600000, 0x00000000ce700000|  0%| F|  |TAMS 0x00000000ce600000, 0x00000000ce600000| Untracked 
|  69|0x00000000ce700000, 0x00000000ce700000, 0x00000000ce800000|  0%| F|  |TAMS 0x00000000ce700000, 0x00000000ce700000| Untracked 
|  70|0x00000000ce800000, 0x00000000ce800000, 0x00000000ce900000|  0%| F|  |TAMS 0x00000000ce800000, 0x00000000ce800000| Untracked 
|  71|0x00000000ce900000, 0x00000000ce900000, 0x00000000cea00000|  0%| F|  |TAMS 0x00000000ce900000, 0x00000000ce900000| Untracked 
|  72|0x00000000cea00000, 0x00000000cea00000, 0x00000000ceb00000|  0%| F|  |TAMS 0x00000000cea00000, 0x00000000cea00000| Untracked 
|  73|0x00000000ceb00000, 0x00000000ceb00000, 0x00000000cec00000|  0%| F|  |TAMS 0x00000000ceb00000, 0x00000000ceb00000| Untracked 
|  74|0x00000000cec00000, 0x00000000cec00000, 0x00000000ced00000|  0%| F|  |TAMS 0x00000000cec00000, 0x00000000cec00000| Untracked 
|  75|0x00000000ced00000, 0x00000000ced00000, 0x00000000cee00000|  0%| F|  |TAMS 0x00000000ced00000, 0x00000000ced00000| Untracked 
|  76|0x00000000cee00000, 0x00000000cee00000, 0x00000000cef00000|  0%| F|  |TAMS 0x00000000cee00000, 0x00000000cee00000| Untracked 
|  77|0x00000000cef00000, 0x00000000cef00000, 0x00000000cf000000|  0%| F|  |TAMS 0x00000000cef00000, 0x00000000cef00000| Untracked 
|  78|0x00000000cf000000, 0x00000000cf000000, 0x00000000cf100000|  0%| F|  |TAMS 0x00000000cf000000, 0x00000000cf000000| Untracked 
|  79|0x00000000cf100000, 0x00000000cf100000, 0x00000000cf200000|  0%| F|  |TAMS 0x00000000cf100000, 0x00000000cf100000| Untracked 
|  80|0x00000000cf200000, 0x00000000cf200000, 0x00000000cf300000|  0%| F|  |TAMS 0x00000000cf200000, 0x00000000cf200000| Untracked 
|  81|0x00000000cf300000, 0x00000000cf300000, 0x00000000cf400000|  0%| F|  |TAMS 0x00000000cf300000, 0x00000000cf300000| Untracked 
|  82|0x00000000cf400000, 0x00000000cf400000, 0x00000000cf500000|  0%| F|  |TAMS 0x00000000cf400000, 0x00000000cf400000| Untracked 
|  83|0x00000000cf500000, 0x00000000cf500000, 0x00000000cf600000|  0%| F|  |TAMS 0x00000000cf500000, 0x00000000cf500000| Untracked 
|  84|0x00000000cf600000, 0x00000000cf600000, 0x00000000cf700000|  0%| F|  |TAMS 0x00000000cf600000, 0x00000000cf600000| Untracked 
|  85|0x00000000cf700000, 0x00000000cf700000, 0x00000000cf800000|  0%| F|  |TAMS 0x00000000cf700000, 0x00000000cf700000| Untracked 
|  86|0x00000000cf800000, 0x00000000cf800000, 0x00000000cf900000|  0%| F|  |TAMS 0x00000000cf800000, 0x00000000cf800000| Untracked 
|  87|0x00000000cf900000, 0x00000000cf900000, 0x00000000cfa00000|  0%| F|  |TAMS 0x00000000cf900000, 0x00000000cf900000| Untracked 
|  88|0x00000000cfa00000, 0x00000000cfa00000, 0x00000000cfb00000|  0%| F|  |TAMS 0x00000000cfa00000, 0x00000000cfa00000| Untracked 
|  89|0x00000000cfb00000, 0x00000000cfb00000, 0x00000000cfc00000|  0%| F|  |TAMS 0x00000000cfb00000, 0x00000000cfb00000| Untracked 
|  90|0x00000000cfc00000, 0x00000000cfc00000, 0x00000000cfd00000|  0%| F|  |TAMS 0x00000000cfc00000, 0x00000000cfc00000| Untracked 
|  91|0x00000000cfd00000, 0x00000000cfd00000, 0x00000000cfe00000|  0%| F|  |TAMS 0x00000000cfd00000, 0x00000000cfd00000| Untracked 
|  92|0x00000000cfe00000, 0x00000000cfe00000, 0x00000000cff00000|  0%| F|  |TAMS 0x00000000cfe00000, 0x00000000cfe00000| Untracked 
|  93|0x00000000cff00000, 0x00000000cff00000, 0x00000000d0000000|  0%| F|  |TAMS 0x00000000cff00000, 0x00000000cff00000| Untracked 
|  94|0x00000000d0000000, 0x00000000d0000000, 0x00000000d0100000|  0%| F|  |TAMS 0x00000000d0000000, 0x00000000d0000000| Untracked 
|  95|0x00000000d0100000, 0x00000000d0100000, 0x00000000d0200000|  0%| F|  |TAMS 0x00000000d0100000, 0x00000000d0100000| Untracked 
|  96|0x00000000d0200000, 0x00000000d0200000, 0x00000000d0300000|  0%| F|  |TAMS 0x00000000d0200000, 0x00000000d0200000| Untracked 
|  97|0x00000000d0300000, 0x00000000d0300000, 0x00000000d0400000|  0%| F|  |TAMS 0x00000000d0300000, 0x00000000d0300000| Untracked 
|  98|0x00000000d0400000, 0x00000000d0400000, 0x00000000d0500000|  0%| F|  |TAMS 0x00000000d0400000, 0x00000000d0400000| Untracked 
|  99|0x00000000d0500000, 0x00000000d0500000, 0x00000000d0600000|  0%| F|  |TAMS 0x00000000d0500000, 0x00000000d0500000| Untracked 
| 100|0x00000000d0600000, 0x00000000d0600000, 0x00000000d0700000|  0%| F|  |TAMS 0x00000000d0600000, 0x00000000d0600000| Untracked 
| 101|0x00000000d0700000, 0x00000000d0700000, 0x00000000d0800000|  0%| F|  |TAMS 0x00000000d0700000, 0x00000000d0700000| Untracked 
| 102|0x00000000d0800000, 0x00000000d0800000, 0x00000000d0900000|  0%| F|  |TAMS 0x00000000d0800000, 0x00000000d0800000| Untracked 
| 103|0x00000000d0900000, 0x00000000d0900000, 0x00000000d0a00000|  0%| F|  |TAMS 0x00000000d0900000, 0x00000000d0900000| Untracked 
| 104|0x00000000d0a00000, 0x00000000d0a00000, 0x00000000d0b00000|  0%| F|  |TAMS 0x00000000d0a00000, 0x00000000d0a00000| Untracked 
| 105|0x00000000d0b00000, 0x00000000d0b00000, 0x00000000d0c00000|  0%| F|  |TAMS 0x00000000d0b00000, 0x00000000d0b00000| Untracked 
| 106|0x00000000d0c00000, 0x00000000d0c00000, 0x00000000d0d00000|  0%| F|  |TAMS 0x00000000d0c00000, 0x00000000d0c00000| Untracked 
| 107|0x00000000d0d00000, 0x00000000d0d00000, 0x00000000d0e00000|  0%| F|  |TAMS 0x00000000d0d00000, 0x00000000d0d00000| Untracked 
| 108|0x00000000d0e00000, 0x00000000d0e00000, 0x00000000d0f00000|  0%| F|  |TAMS 0x00000000d0e00000, 0x00000000d0e00000| Untracked 
| 109|0x00000000d0f00000, 0x00000000d0f00000, 0x00000000d1000000|  0%| F|  |TAMS 0x00000000d0f00000, 0x00000000d0f00000| Untracked 
| 110|0x00000000d1000000, 0x00000000d1000000, 0x00000000d1100000|  0%| F|  |TAMS 0x00000000d1000000, 0x00000000d1000000| Untracked 
| 111|0x00000000d1100000, 0x00000000d1100000, 0x00000000d1200000|  0%| F|  |TAMS 0x00000000d1100000, 0x00000000d1100000| Untracked 
| 112|0x00000000d1200000, 0x00000000d1200000, 0x00000000d1300000|  0%| F|  |TAMS 0x00000000d1200000, 0x00000000d1200000| Untracked 
| 113|0x00000000d1300000, 0x00000000d1300000, 0x00000000d1400000|  0%| F|  |TAMS 0x00000000d1300000, 0x00000000d1300000| Untracked 
| 114|0x00000000d1400000, 0x00000000d1400000, 0x00000000d1500000|  0%| F|  |TAMS 0x00000000d1400000, 0x00000000d1400000| Untracked 
| 115|0x00000000d1500000, 0x00000000d1500000, 0x00000000d1600000|  0%| F|  |TAMS 0x00000000d1500000, 0x00000000d1500000| Untracked 
| 116|0x00000000d1600000, 0x00000000d1600000, 0x00000000d1700000|  0%| F|  |TAMS 0x00000000d1600000, 0x00000000d1600000| Untracked 
| 117|0x00000000d1700000, 0x00000000d1700000, 0x00000000d1800000|  0%| F|  |TAMS 0x00000000d1700000, 0x00000000d1700000| Untracked 
| 118|0x00000000d1800000, 0x00000000d1800000, 0x00000000d1900000|  0%| F|  |TAMS 0x00000000d1800000, 0x00000000d1800000| Untracked 
| 119|0x00000000d1900000, 0x00000000d1900000, 0x00000000d1a00000|  0%| F|  |TAMS 0x00000000d1900000, 0x00000000d1900000| Untracked 
| 120|0x00000000d1a00000, 0x00000000d1a00000, 0x00000000d1b00000|  0%| F|  |TAMS 0x00000000d1a00000, 0x00000000d1a00000| Untracked 
| 121|0x00000000d1b00000, 0x00000000d1b00000, 0x00000000d1c00000|  0%| F|  |TAMS 0x00000000d1b00000, 0x00000000d1b00000| Untracked 
| 122|0x00000000d1c00000, 0x00000000d1c00000, 0x00000000d1d00000|  0%| F|  |TAMS 0x00000000d1c00000, 0x00000000d1c00000| Untracked 
| 123|0x00000000d1d00000, 0x00000000d1d00000, 0x00000000d1e00000|  0%| F|  |TAMS 0x00000000d1d00000, 0x00000000d1d00000| Untracked 
| 124|0x00000000d1e00000, 0x00000000d1e00000, 0x00000000d1f00000|  0%| F|  |TAMS 0x00000000d1e00000, 0x00000000d1e00000| Untracked 
| 125|0x00000000d1f00000, 0x00000000d1f00000, 0x00000000d2000000|  0%| F|  |TAMS 0x00000000d1f00000, 0x00000000d1f00000| Untracked 
| 126|0x00000000d2000000, 0x00000000d2000000, 0x00000000d2100000|  0%| F|  |TAMS 0x00000000d2000000, 0x00000000d2000000| Untracked 
| 127|0x00000000d2100000, 0x00000000d2100000, 0x00000000d2200000|  0%| F|  |TAMS 0x00000000d2100000, 0x00000000d2100000| Untracked 
| 128|0x00000000d2200000, 0x00000000d2200000, 0x00000000d2300000|  0%| F|  |TAMS 0x00000000d2200000, 0x00000000d2200000| Untracked 
| 129|0x00000000d2300000, 0x00000000d2300000, 0x00000000d2400000|  0%| F|  |TAMS 0x00000000d2300000, 0x00000000d2300000| Untracked 
| 130|0x00000000d2400000, 0x00000000d2500000, 0x00000000d2500000|100%| S|CS|TAMS 0x00000000d2400000, 0x00000000d2400000| Complete 
| 131|0x00000000d2500000, 0x00000000d2500000, 0x00000000d2600000|  0%| F|  |TAMS 0x00000000d2500000, 0x00000000d2500000| Untracked 
| 132|0x00000000d2600000, 0x00000000d2600000, 0x00000000d2700000|  0%| F|  |TAMS 0x00000000d2600000, 0x00000000d2600000| Untracked 
| 133|0x00000000d2700000, 0x00000000d2700000, 0x00000000d2800000|  0%| F|  |TAMS 0x00000000d2700000, 0x00000000d2700000| Untracked 
| 134|0x00000000d2800000, 0x00000000d2800000, 0x00000000d2900000|  0%| F|  |TAMS 0x00000000d2800000, 0x00000000d2800000| Untracked 
| 135|0x00000000d2900000, 0x00000000d2900000, 0x00000000d2a00000|  0%| F|  |TAMS 0x00000000d2900000, 0x00000000d2900000| Untracked 
| 136|0x00000000d2a00000, 0x00000000d2a00000, 0x00000000d2b00000|  0%| F|  |TAMS 0x00000000d2a00000, 0x00000000d2a00000| Untracked 

Card table byte_map: [0x000001644f450000,0x000001644f600000] _byte_map_base: 0x000001644edff000

Marking Bits (Prev, Next): (CMBitMap*) 0x0000016438946340, (CMBitMap*) 0x0000016438946380
 Prev Bits: [0x000001644f7b0000, 0x0000016450528000)
 Next Bits: [0x0000016450530000, 0x00000164512a8000)

Polling page: 0x0000016436860000

Metaspace:

Usage:
  Non-class:     52.78 MB used.
      Class:      8.50 MB used.
       Both:     61.29 MB used.

Virtual space:
  Non-class space:       56.00 MB reserved,      53.00 MB ( 95%) committed,  7 nodes.
      Class space:        1.00 GB reserved,       8.69 MB ( <1%) committed,  1 nodes.
             Both:        1.05 GB reserved,      61.69 MB (  6%) committed. 

Chunk freelists:
   Non-Class:  2.34 MB
       Class:  3.34 MB
        Both:  5.69 MB

MaxMetaspaceSize: unlimited
CompressedClassSpaceSize: 1.00 GB
Initial GC threshold: 21.00 MB
Current GC threshold: 102.81 MB
CDS: on
MetaspaceReclaimPolicy: balanced
 - commit_granule_bytes: 65536.
 - commit_granule_words: 8192.
 - virtual_space_node_default_size: 1048576.
 - enlarge_chunks_in_place: 1.
 - new_chunks_are_fully_committed: 0.
 - uncommit_free_chunks: 1.
 - use_allocation_guard: 0.
 - handle_deallocations: 1.


Internal statistics:

num_allocs_failed_limit: 9.
num_arena_births: 560.
num_arena_deaths: 0.
num_vsnodes_births: 8.
num_vsnodes_deaths: 0.
num_space_committed: 987.
num_space_uncommitted: 0.
num_chunks_returned_to_freelist: 9.
num_chunks_taken_from_freelist: 2980.
num_chunk_merges: 9.
num_chunk_splits: 2075.
num_chunks_enlarged: 1610.
num_purges: 0.
num_inconsistent_stats: 0.

CodeHeap 'non-profiled nmethods': size=120000Kb used=3039Kb max_used=3039Kb free=116960Kb
 bounds [0x0000016447c60000, 0x0000016447f60000, 0x000001644f190000]
CodeHeap 'profiled nmethods': size=120000Kb used=12007Kb max_used=12007Kb free=107992Kb
 bounds [0x0000016440730000, 0x00000164412f0000, 0x0000016447c60000]
CodeHeap 'non-nmethods': size=5760Kb used=1285Kb max_used=1333Kb free=4474Kb
 bounds [0x0000016440190000, 0x0000016440400000, 0x0000016440730000]
 total_blobs=6072 nmethods=5462 adapters=522
 compilation: enabled
              stopped_count=0, restarted_count=0
 full_count=0

Compilation events (20 events):
Event: 17.136 Thread 0x0000016453a1dcf0 6210   !   3       nonapi.io.github.classgraph.reflection.StandardReflectionDriver::makeAccessible (36 bytes)
Event: 17.136 Thread 0x0000016453a1dcf0 nmethod 6210 0x00000164412e1c10 code [0x00000164412e1e00, 0x00000164412e23e8]
Event: 17.136 Thread 0x0000016453a1dcf0 6211       3       nonapi.io.github.classgraph.reflection.ReflectionDriver::findInstanceMethod (26 bytes)
Event: 17.136 Thread 0x0000016453a1dcf0 nmethod 6211 0x00000164412e2610 code [0x00000164412e27c0, 0x00000164412e2a58]
Event: 17.136 Thread 0x0000016453a1dcf0 6212       3       nonapi.io.github.classgraph.reflection.StandardReflectionDriver::invokeMethod (14 bytes)
Event: 17.137 Thread 0x0000016453a1dcf0 nmethod 6212 0x00000164412e2b90 code [0x00000164412e2d80, 0x00000164412e3288]
Event: 17.137 Thread 0x0000016453a1dcf0 6213       3       java.util.concurrent.CountDownLatch$Sync::tryAcquireShared (13 bytes)
Event: 17.137 Thread 0x0000016453a1dcf0 nmethod 6213 0x00000164412e3490 code [0x00000164412e3620, 0x00000164412e37b8]
Event: 17.137 Thread 0x0000016453a1dcf0 6214       3       nonapi.io.github.classgraph.reflection.ReflectionDriver::findMethod (240 bytes)
Event: 17.138 Thread 0x0000016453a1dcf0 nmethod 6214 0x00000164412e3890 code [0x00000164412e3d60, 0x00000164412e6258]
Event: 17.139 Thread 0x0000016453a1dcf0 6217       3       java.util.concurrent.locks.AbstractQueuedSynchronizer::acquireSharedInterruptibly (36 bytes)
Event: 17.139 Thread 0x0000016453a1dcf0 nmethod 6217 0x00000164412e6e10 code [0x00000164412e7000, 0x00000164412e74b8]
Event: 17.139 Thread 0x0000016453a1dcf0 6216   !   3       nonapi.io.github.classgraph.reflection.ReflectionUtils::invokeMethod (91 bytes)
Event: 17.139 Thread 0x0000016453a1dcf0 nmethod 6216 0x00000164412e7610 code [0x00000164412e7900, 0x00000164412e8818]
Event: 17.140 Thread 0x0000016453a1dcf0 6218       2       java.lang.Module::getClassLoader (20 bytes)
Event: 17.140 Thread 0x0000016453a1dcf0 nmethod 6218 0x00000164412e8d10 code [0x00000164412e8ec0, 0x00000164412e9028]
Event: 17.140 Thread 0x0000016453a1dcf0 6215       2       java.lang.module.ModuleReference::location (8 bytes)
Event: 17.140 Thread 0x0000016453a1dcf0 nmethod 6215 0x00000164412e9110 code [0x00000164412e92a0, 0x00000164412e9478]
Event: 17.140 Thread 0x0000016453a1dcf0 6209   !   2       jdk.internal.reflect.GeneratedMethodAccessor72::invoke (61 bytes)
Event: 17.140 Thread 0x0000016453a1dcf0 nmethod 6209 0x00000164412e9510 code [0x00000164412e9700, 0x00000164412e9bb8]

GC Heap History (20 events):
Event: 11.612 GC heap after
{Heap after GC invocations=15 (full 0):
 garbage-first heap   total 89088K, used 29637K [0x00000000ca200000, 0x0000000100000000)
  region size 1024K, 5 young (5120K), 5 survivors (5120K)
 Metaspace       used 52668K, committed 52992K, reserved 1097728K
  class space    used 7271K, committed 7424K, reserved 1048576K
}
Event: 12.894 GC heap before
{Heap before GC invocations=15 (full 0):
 garbage-first heap   total 89088K, used 68549K [0x00000000ca200000, 0x0000000100000000)
  region size 1024K, 43 young (44032K), 5 survivors (5120K)
 Metaspace       used 56436K, committed 56832K, reserved 1097728K
  class space    used 7825K, committed 8000K, reserved 1048576K
}
Event: 12.943 GC heap after
{Heap after GC invocations=16 (full 0):
 garbage-first heap   total 89088K, used 33414K [0x00000000ca200000, 0x0000000100000000)
  region size 1024K, 6 young (6144K), 6 survivors (6144K)
 Metaspace       used 56436K, committed 56832K, reserved 1097728K
  class space    used 7825K, committed 8000K, reserved 1048576K
}
Event: 14.271 GC heap before
{Heap before GC invocations=16 (full 0):
 garbage-first heap   total 89088K, used 69254K [0x00000000ca200000, 0x0000000100000000)
  region size 1024K, 41 young (41984K), 6 survivors (6144K)
 Metaspace       used 59035K, committed 59456K, reserved 1105920K
  class space    used 8228K, committed 8448K, reserved 1048576K
}
Event: 14.305 GC heap after
{Heap after GC invocations=17 (full 0):
 garbage-first heap   total 89088K, used 36094K [0x00000000ca200000, 0x0000000100000000)
  region size 1024K, 4 young (4096K), 4 survivors (4096K)
 Metaspace       used 59035K, committed 59456K, reserved 1105920K
  class space    used 8228K, committed 8448K, reserved 1048576K
}
Event: 14.488 GC heap before
{Heap before GC invocations=17 (full 0):
 garbage-first heap   total 89088K, used 44286K [0x00000000ca200000, 0x0000000100000000)
  region size 1024K, 13 young (13312K), 4 survivors (4096K)
 Metaspace       used 59705K, committed 60096K, reserved 1105920K
  class space    used 8335K, committed 8512K, reserved 1048576K
}
Event: 14.502 GC heap after
{Heap after GC invocations=18 (full 0):
 garbage-first heap   total 89088K, used 37272K [0x00000000ca200000, 0x0000000100000000)
  region size 1024K, 2 young (2048K), 2 survivors (2048K)
 Metaspace       used 59705K, committed 60096K, reserved 1105920K
  class space    used 8335K, committed 8512K, reserved 1048576K
}
Event: 15.575 GC heap before
{Heap before GC invocations=19 (full 0):
 garbage-first heap   total 89088K, used 70040K [0x00000000ca200000, 0x0000000100000000)
  region size 1024K, 34 young (34816K), 2 survivors (2048K)
 Metaspace       used 62335K, committed 62784K, reserved 1105920K
  class space    used 8694K, committed 8896K, reserved 1048576K
}
Event: 15.622 GC heap after
{Heap after GC invocations=20 (full 0):
 garbage-first heap   total 89088K, used 41322K [0x00000000ca200000, 0x0000000100000000)
  region size 1024K, 5 young (5120K), 5 survivors (5120K)
 Metaspace       used 62335K, committed 62784K, reserved 1105920K
  class space    used 8694K, committed 8896K, reserved 1048576K
}
Event: 15.628 GC heap before
{Heap before GC invocations=20 (full 0):
 garbage-first heap   total 89088K, used 42346K [0x00000000ca200000, 0x0000000100000000)
  region size 1024K, 6 young (6144K), 5 survivors (5120K)
 Metaspace       used 62339K, committed 62784K, reserved 1105920K
  class space    used 8695K, committed 8896K, reserved 1048576K
}
Event: 15.664 GC heap after
{Heap after GC invocations=21 (full 0):
 garbage-first heap   total 113664K, used 41800K [0x00000000ca200000, 0x0000000100000000)
  region size 1024K, 1 young (1024K), 1 survivors (1024K)
 Metaspace       used 62339K, committed 62784K, reserved 1105920K
  class space    used 8695K, committed 8896K, reserved 1048576K
}
Event: 16.091 GC heap before
{Heap before GC invocations=21 (full 0):
 garbage-first heap   total 113664K, used 88904K [0x00000000ca200000, 0x0000000100000000)
  region size 1024K, 47 young (48128K), 1 survivors (1024K)
 Metaspace       used 62481K, committed 62976K, reserved 1105920K
  class space    used 8695K, committed 8896K, reserved 1048576K
}
Event: 16.114 GC heap after
{Heap after GC invocations=22 (full 0):
 garbage-first heap   total 113664K, used 51126K [0x00000000ca200000, 0x0000000100000000)
  region size 1024K, 6 young (6144K), 6 survivors (6144K)
 Metaspace       used 62481K, committed 62976K, reserved 1105920K
  class space    used 8695K, committed 8896K, reserved 1048576K
}
Event: 16.485 GC heap before
{Heap before GC invocations=22 (full 0):
 garbage-first heap   total 113664K, used 87990K [0x00000000ca200000, 0x0000000100000000)
  region size 1024K, 42 young (43008K), 6 survivors (6144K)
 Metaspace       used 62664K, committed 63040K, reserved 1105920K
  class space    used 8707K, committed 8896K, reserved 1048576K
}
Event: 16.533 GC heap after
{Heap after GC invocations=23 (full 0):
 garbage-first heap   total 113664K, used 61440K [0x00000000ca200000, 0x0000000100000000)
  region size 1024K, 6 young (6144K), 6 survivors (6144K)
 Metaspace       used 62664K, committed 63040K, reserved 1105920K
  class space    used 8707K, committed 8896K, reserved 1048576K
}
Event: 16.593 GC heap before
{Heap before GC invocations=23 (full 0):
 garbage-first heap   total 113664K, used 73728K [0x00000000ca200000, 0x0000000100000000)
  region size 1024K, 19 young (19456K), 6 survivors (6144K)
 Metaspace       used 62689K, committed 63168K, reserved 1105920K
  class space    used 8707K, committed 8896K, reserved 1048576K
}
Event: 16.648 GC heap after
{Heap after GC invocations=24 (full 0):
 garbage-first heap   total 113664K, used 64512K [0x00000000ca200000, 0x0000000100000000)
  region size 1024K, 3 young (3072K), 3 survivors (3072K)
 Metaspace       used 62689K, committed 63168K, reserved 1105920K
  class space    used 8707K, committed 8896K, reserved 1048576K
}
Event: 17.017 GC heap before
{Heap before GC invocations=25 (full 0):
 garbage-first heap   total 140288K, used 84992K [0x00000000ca200000, 0x0000000100000000)
  region size 1024K, 28 young (28672K), 3 survivors (3072K)
 Metaspace       used 62733K, committed 63168K, reserved 1105920K
  class space    used 8707K, committed 8896K, reserved 1048576K
}
Event: 17.037 GC heap after
{Heap after GC invocations=26 (full 0):
 garbage-first heap   total 140288K, used 67584K [0x00000000ca200000, 0x0000000100000000)
  region size 1024K, 4 young (4096K), 4 survivors (4096K)
 Metaspace       used 62733K, committed 63168K, reserved 1105920K
  class space    used 8707K, committed 8896K, reserved 1048576K
}
Event: 17.143 GC heap before
{Heap before GC invocations=26 (full 0):
 garbage-first heap   total 140288K, used 69632K [0x00000000ca200000, 0x0000000100000000)
  region size 1024K, 6 young (6144K), 4 survivors (4096K)
 Metaspace       used 62756K, committed 63168K, reserved 1105920K
  class space    used 8707K, committed 8896K, reserved 1048576K
}

Deoptimization events (20 events):
Event: 16.864 Thread 0x0000016456d810e0 DEOPT PACKING pc=0x0000016440a08baa sp=0x00000049b84feba0
Event: 16.864 Thread 0x0000016456d810e0 DEOPT UNPACKING pc=0x00000164401e2b43 sp=0x00000049b84fe0b0 mode 0
Event: 16.867 Thread 0x0000016456d83290 DEOPT PACKING pc=0x0000016440a08baa sp=0x00000049b83fe990
Event: 16.867 Thread 0x0000016456d83290 DEOPT UNPACKING pc=0x00000164401e2b43 sp=0x00000049b83fdea0 mode 0
Event: 16.872 Thread 0x0000016455ceea70 DEOPT PACKING pc=0x0000016440a08baa sp=0x00000049b89fedd0
Event: 16.872 Thread 0x0000016455ceea70 DEOPT UNPACKING pc=0x00000164401e2b43 sp=0x00000049b89fe2e0 mode 0
Event: 16.877 Thread 0x0000016456d810e0 DEOPT PACKING pc=0x0000016440a08bcb sp=0x00000049b84feba0
Event: 16.877 Thread 0x0000016456d810e0 DEOPT UNPACKING pc=0x00000164401e2b43 sp=0x00000049b84fe0b0 mode 0
Event: 16.878 Thread 0x0000016456d810e0 DEOPT PACKING pc=0x0000016440a08baa sp=0x00000049b84feba0
Event: 16.878 Thread 0x0000016456d810e0 DEOPT UNPACKING pc=0x00000164401e2b43 sp=0x00000049b84fe0b0 mode 0
Event: 16.879 Thread 0x0000016456d82420 DEOPT PACKING pc=0x0000016440a08baa sp=0x00000049b86fed90
Event: 16.879 Thread 0x0000016456d82420 DEOPT UNPACKING pc=0x00000164401e2b43 sp=0x00000049b86fe2a0 mode 0
Event: 16.880 Thread 0x0000016455ceea70 DEOPT PACKING pc=0x0000016440a08bcb sp=0x00000049b89fedd0
Event: 16.880 Thread 0x0000016455ceea70 DEOPT UNPACKING pc=0x00000164401e2b43 sp=0x00000049b89fe2e0 mode 0
Event: 16.880 Thread 0x0000016456d810e0 DEOPT PACKING pc=0x0000016440a08baa sp=0x00000049b84feba0
Event: 16.880 Thread 0x0000016456d810e0 DEOPT UNPACKING pc=0x00000164401e2b43 sp=0x00000049b84fe0b0 mode 0
Event: 17.129 Thread 0x000001643890d190 Uncommon trap: trap_request=0xffffff45 fr.pc=0x0000016447e46d70 relative=0x0000000000000070
Event: 17.129 Thread 0x000001643890d190 Uncommon trap: reason=unstable_if action=reinterpret pc=0x0000016447e46d70 method=java.util.concurrent.ConcurrentHashMap.sumCount()J @ 11 c2
Event: 17.129 Thread 0x000001643890d190 DEOPT PACKING pc=0x0000016447e46d70 sp=0x00000049b62fb1e0
Event: 17.129 Thread 0x000001643890d190 DEOPT UNPACKING pc=0x00000164401e23a3 sp=0x00000049b62fb0e0 mode 2

Classes unloaded (0 events):
No events

Classes redefined (0 events):
No events

Internal exceptions (20 events):
Event: 16.356 Thread 0x0000016456d81a80 Exception <a 'sun/nio/fs/WindowsException'{0x00000000d01171e8}> (0x00000000d01171e8) 
thrown [s\open\src\hotspot\share\prims\jni.cpp, line 516]
Event: 16.356 Thread 0x0000016456d81a80 Exception <a 'sun/nio/fs/WindowsException'{0x00000000d01175d8}> (0x00000000d01175d8) 
thrown [s\open\src\hotspot\share\prims\jni.cpp, line 516]
Event: 16.356 Thread 0x0000016456d81a80 Exception <a 'sun/nio/fs/WindowsException'{0x00000000d0118038}> (0x00000000d0118038) 
thrown [s\open\src\hotspot\share\prims\jni.cpp, line 516]
Event: 16.356 Thread 0x0000016456d81a80 Exception <a 'sun/nio/fs/WindowsException'{0x00000000d0118458}> (0x00000000d0118458) 
thrown [s\open\src\hotspot\share\prims\jni.cpp, line 516]
Event: 16.356 Thread 0x0000016456d81a80 Exception <a 'sun/nio/fs/WindowsException'{0x00000000d0118e90}> (0x00000000d0118e90) 
thrown [s\open\src\hotspot\share\prims\jni.cpp, line 516]
Event: 16.356 Thread 0x0000016456d81a80 Exception <a 'sun/nio/fs/WindowsException'{0x00000000d0119280}> (0x00000000d0119280) 
thrown [s\open\src\hotspot\share\prims\jni.cpp, line 516]
Event: 16.357 Thread 0x0000016456d81a80 Exception <a 'sun/nio/fs/WindowsException'{0x00000000d0119c88}> (0x00000000d0119c88) 
thrown [s\open\src\hotspot\share\prims\jni.cpp, line 516]
Event: 16.357 Thread 0x0000016456d81a80 Exception <a 'sun/nio/fs/WindowsException'{0x00000000d011a048}> (0x00000000d011a048) 
thrown [s\open\src\hotspot\share\prims\jni.cpp, line 516]
Event: 16.357 Thread 0x0000016456d81a80 Exception <a 'sun/nio/fs/WindowsException'{0x00000000d011aa58}> (0x00000000d011aa58) 
thrown [s\open\src\hotspot\share\prims\jni.cpp, line 516]
Event: 16.357 Thread 0x0000016456d81a80 Exception <a 'sun/nio/fs/WindowsException'{0x00000000d011ae30}> (0x00000000d011ae30) 
thrown [s\open\src\hotspot\share\prims\jni.cpp, line 516]
Event: 16.357 Thread 0x0000016456d81a80 Exception <a 'sun/nio/fs/WindowsException'{0x00000000d011b840}> (0x00000000d011b840) 
thrown [s\open\src\hotspot\share\prims\jni.cpp, line 516]
Event: 16.357 Thread 0x0000016456d81a80 Exception <a 'sun/nio/fs/WindowsException'{0x00000000d011bc00}> (0x00000000d011bc00) 
thrown [s\open\src\hotspot\share\prims\jni.cpp, line 516]
Event: 16.357 Thread 0x0000016456d81a80 Exception <a 'sun/nio/fs/WindowsException'{0x00000000d011c610}> (0x00000000d011c610) 
thrown [s\open\src\hotspot\share\prims\jni.cpp, line 516]
Event: 16.357 Thread 0x0000016456d81a80 Exception <a 'sun/nio/fs/WindowsException'{0x00000000d011c9e8}> (0x00000000d011c9e8) 
thrown [s\open\src\hotspot\share\prims\jni.cpp, line 516]
Event: 16.357 Thread 0x0000016456d81a80 Exception <a 'sun/nio/fs/WindowsException'{0x00000000d011d420}> (0x00000000d011d420) 
thrown [s\open\src\hotspot\share\prims\jni.cpp, line 516]
Event: 16.357 Thread 0x0000016456d81a80 Exception <a 'sun/nio/fs/WindowsException'{0x00000000d011d810}> (0x00000000d011d810) 
thrown [s\open\src\hotspot\share\prims\jni.cpp, line 516]
Event: 16.357 Thread 0x0000016456d81a80 Exception <a 'sun/nio/fs/WindowsException'{0x00000000d011e260}> (0x00000000d011e260) 
thrown [s\open\src\hotspot\share\prims\jni.cpp, line 516]
Event: 16.357 Thread 0x0000016456d81a80 Exception <a 'sun/nio/fs/WindowsException'{0x00000000d011e670}> (0x00000000d011e670) 
thrown [s\open\src\hotspot\share\prims\jni.cpp, line 516]
Event: 16.357 Thread 0x0000016456d81a80 Exception <a 'sun/nio/fs/WindowsException'{0x00000000d011f0a8}> (0x00000000d011f0a8) 
thrown [s\open\src\hotspot\share\prims\jni.cpp, line 516]
Event: 16.357 Thread 0x0000016456d81a80 Exception <a 'sun/nio/fs/WindowsException'{0x00000000d011f4b0}> (0x00000000d011f4b0) 
thrown [s\open\src\hotspot\share\prims\jni.cpp, line 516]

VM Operations (20 events):
Event: 15.665 Executing VM operation: G1CollectForAllocation done
Event: 16.089 Executing VM operation: G1CollectForAllocation
Event: 16.118 Executing VM operation: G1CollectForAllocation done
Event: 16.224 Executing VM operation: HandshakeAllThreads
Event: 16.224 Executing VM operation: HandshakeAllThreads done
Event: 16.243 Executing VM operation: HandshakeAllThreads
Event: 16.243 Executing VM operation: HandshakeAllThreads done
Event: 16.260 Executing VM operation: HandshakeAllThreads
Event: 16.260 Executing VM operation: HandshakeAllThreads done
Event: 16.483 Executing VM operation: G1CollectForAllocation
Event: 16.535 Executing VM operation: G1CollectForAllocation done
Event: 16.589 Executing VM operation: G1TryInitiateConcMark
Event: 16.649 Executing VM operation: G1TryInitiateConcMark done
Event: 16.905 Executing VM operation: G1Concurrent
Event: 16.979 Executing VM operation: G1Concurrent done
Event: 17.000 Executing VM operation: G1Concurrent
Event: 17.016 Executing VM operation: G1Concurrent done
Event: 17.016 Executing VM operation: G1CollectForAllocation
Event: 17.038 Executing VM operation: G1CollectForAllocation done
Event: 17.143 Executing VM operation: G1CollectForAllocation

Events (20 events):
Event: 17.119 Thread 0x0000016455cf5920 Thread added: 0x0000016455cf5920
Event: 17.119 Thread 0x0000016455cf15c0 Thread added: 0x0000016455cf15c0
Event: 17.119 Thread 0x0000016455cf2900 Thread added: 0x0000016455cf2900
Event: 17.119 Thread 0x0000016455cf0280 Thread added: 0x0000016455cf0280
Event: 17.119 Thread 0x0000016455cf62c0 Thread added: 0x0000016455cf62c0
Event: 17.119 Thread 0x0000016455ceea70 Thread added: 0x0000016455ceea70
Event: 17.119 Thread 0x0000016455cf45e0 Thread added: 0x0000016455cf45e0
Event: 17.119 Thread 0x0000016455cf4f80 Thread added: 0x0000016455cf4f80
Event: 17.128 Thread 0x0000016455ceea70 Thread exited: 0x0000016455ceea70
Event: 17.128 Thread 0x0000016455cefdb0 Thread exited: 0x0000016455cefdb0
Event: 17.128 Thread 0x0000016455cf2430 Thread exited: 0x0000016455cf2430
Event: 17.128 Thread 0x0000016455cf2900 Thread exited: 0x0000016455cf2900
Event: 17.128 Thread 0x0000016455cf4f80 Thread exited: 0x0000016455cf4f80
Event: 17.128 Thread 0x0000016455cf1f60 Thread exited: 0x0000016455cf1f60
Event: 17.128 Thread 0x0000016455cf5920 Thread exited: 0x0000016455cf5920
Event: 17.128 Thread 0x0000016455cf62c0 Thread exited: 0x0000016455cf62c0
Event: 17.128 Thread 0x0000016455cf0750 Thread exited: 0x0000016455cf0750
Event: 17.128 Thread 0x0000016455cf45e0 Thread exited: 0x0000016455cf45e0
Event: 17.128 Thread 0x0000016455cf0280 Thread exited: 0x0000016455cf0280
Event: 17.129 Thread 0x0000016455cf15c0 Thread exited: 0x0000016455cf15c0


Dynamic libraries:
0x00007ff6d5c40000 - 0x00007ff6d5c50000 	C:\Program Files\Java\jdk-17.0.5\bin\java.exe
0x00007ff9afdd0000 - 0x00007ff9affc8000 	C:\WINDOWS\SYSTEM32\ntdll.dll
0x00007ff9afc20000 - 0x00007ff9afcdd000 	C:\WINDOWS\System32\KERNEL32.DLL
0x00007ff9ada00000 - 0x00007ff9adcd2000 	C:\WINDOWS\System32\KERNELBASE.dll
0x00007ff9adce0000 - 0x00007ff9adde0000 	C:\WINDOWS\System32\ucrtbase.dll
0x00007ff97bad0000 - 0x00007ff97bae8000 	C:\Program Files\Java\jdk-17.0.5\bin\jli.dll
0x00007ff97b280000 - 0x00007ff97b29a000 	C:\Program Files\Java\jdk-17.0.5\bin\VCRUNTIME140.dll
0x00007ff9ae210000 - 0x00007ff9ae2be000 	C:\WINDOWS\System32\ADVAPI32.dll
0x00007ff9af060000 - 0x00007ff9af0fe000 	C:\WINDOWS\System32\msvcrt.dll
0x00007ff9ae350000 - 0x00007ff9ae3ec000 	C:\WINDOWS\System32\sechost.dll
0x00007ff9ade30000 - 0x00007ff9adf55000 	C:\WINDOWS\System32\RPCRT4.dll
0x00007ff9af430000 - 0x00007ff9af5cd000 	C:\WINDOWS\System32\USER32.dll
0x00007ff9957d0000 - 0x00007ff995a6a000 	C:\WINDOWS\WinSxS\amd64_microsoft.windows.common-controls_6595b64144ccf1df_6.0.19041.1110_none_60b5254171f9507e\COMCTL32.dll
0x00007ff9ad820000 - 0x00007ff9ad842000 	C:\WINDOWS\System32\win32u.dll
0x00007ff9af990000 - 0x00007ff9af9bb000 	C:\WINDOWS\System32\GDI32.dll
0x00007ff9ad8f0000 - 0x00007ff9ad9ff000 	C:\WINDOWS\System32\gdi32full.dll
0x00007ff9ad780000 - 0x00007ff9ad81d000 	C:\WINDOWS\System32\msvcp_win.dll
0x00007ff9a2ee0000 - 0x00007ff9a2eea000 	C:\WINDOWS\SYSTEM32\VERSION.dll
0x00007ff9afb70000 - 0x00007ff9afba0000 	C:\WINDOWS\System32\IMM32.DLL
0x00007ff99ac50000 - 0x00007ff99ac5c000 	C:\Program Files\Java\jdk-17.0.5\bin\vcruntime140_1.dll
0x00007ff97b1f0000 - 0x00007ff97b27d000 	C:\Program Files\Java\jdk-17.0.5\bin\msvcp140.dll
0x00007ff97a620000 - 0x00007ff97b1e2000 	C:\Program Files\Java\jdk-17.0.5\bin\server\jvm.dll
0x00007ff9aefb0000 - 0x00007ff9aefb8000 	C:\WINDOWS\System32\PSAPI.DLL
0x00007ff98ebd0000 - 0x00007ff98ebd9000 	C:\WINDOWS\SYSTEM32\WSOCK32.dll
0x00007ff9a2ef0000 - 0x00007ff9a2f17000 	C:\WINDOWS\SYSTEM32\WINMM.dll
0x00007ff9aeff0000 - 0x00007ff9af05b000 	C:\WINDOWS\System32\WS2_32.dll
0x00007ff9abd00000 - 0x00007ff9abd12000 	C:\WINDOWS\SYSTEM32\kernel.appcore.dll
0x00007ff99abb0000 - 0x00007ff99abba000 	C:\Program Files\Java\jdk-17.0.5\bin\jimage.dll
0x00007ff9ab1a0000 - 0x00007ff9ab384000 	C:\WINDOWS\SYSTEM32\DBGHELP.DLL
0x00007ff993400000 - 0x00007ff99342c000 	C:\WINDOWS\SYSTEM32\dbgcore.DLL
0x00007ff9ad4e0000 - 0x00007ff9ad562000 	C:\WINDOWS\System32\bcryptPrimitives.dll
0x00007ff97a5f0000 - 0x00007ff97a615000 	C:\Program Files\Java\jdk-17.0.5\bin\java.dll
0x00007ff97a510000 - 0x00007ff97a5e6000 	C:\Program Files\Java\jdk-17.0.5\bin\jsvml.dll
0x00007ff9ae860000 - 0x00007ff9aefa3000 	C:\WINDOWS\System32\SHELL32.dll
0x00007ff9ab540000 - 0x00007ff9abcd1000 	C:\WINDOWS\SYSTEM32\windows.storage.dll
0x00007ff9af5d0000 - 0x00007ff9af924000 	C:\WINDOWS\System32\combase.dll
0x00007ff9acf40000 - 0x00007ff9acf70000 	C:\WINDOWS\SYSTEM32\Wldp.dll
0x00007ff9afce0000 - 0x00007ff9afd8d000 	C:\WINDOWS\System32\SHCORE.dll
0x00007ff9af3d0000 - 0x00007ff9af425000 	C:\WINDOWS\System32\shlwapi.dll
0x00007ff9ad420000 - 0x00007ff9ad43f000 	C:\WINDOWS\SYSTEM32\profapi.dll
0x00007ff97a4f0000 - 0x00007ff97a509000 	C:\Program Files\Java\jdk-17.0.5\bin\net.dll
0x00007ff9a6dc0000 - 0x00007ff9a6ecd000 	C:\WINDOWS\SYSTEM32\WINHTTP.dll
0x00007ff9acc30000 - 0x00007ff9acc9a000 	C:\WINDOWS\system32\mswsock.dll
0x00007ff97a4d0000 - 0x00007ff97a4e6000 	C:\Program Files\Java\jdk-17.0.5\bin\nio.dll
0x00007ff97a4b0000 - 0x00007ff97a4c8000 	C:\Program Files\Java\jdk-17.0.5\bin\zip.dll
0x00007ff98fd40000 - 0x00007ff98fd49000 	C:\Program Files\Java\jdk-17.0.5\bin\management.dll
0x00007ff983870000 - 0x00007ff98387b000 	C:\Program Files\Java\jdk-17.0.5\bin\management_ext.dll
0x00007ff9a6a10000 - 0x00007ff9a6a20000 	C:\Program Files\Java\jdk-17.0.5\bin\verify.dll
0x00007ff9ac920000 - 0x00007ff9ac95b000 	C:\WINDOWS\SYSTEM32\IPHLPAPI.DLL
0x00007ff9adf60000 - 0x00007ff9adf68000 	C:\WINDOWS\System32\NSI.dll
0x00007ff9a5030000 - 0x00007ff9a5047000 	C:\WINDOWS\SYSTEM32\dhcpcsvc6.DLL
0x00007ff9a50e0000 - 0x00007ff9a50fd000 	C:\WINDOWS\SYSTEM32\dhcpcsvc.DLL
0x00007ff9ac960000 - 0x00007ff9aca2a000 	C:\WINDOWS\SYSTEM32\DNSAPI.dll
0x00007ff96b5b0000 - 0x00007ff96b5c7000 	C:\WINDOWS\system32\napinsp.dll
0x00007ff96b590000 - 0x00007ff96b5ab000 	C:\WINDOWS\system32\pnrpnsp.dll
0x00007ff9a82a0000 - 0x00007ff9a82b5000 	C:\WINDOWS\system32\wshbth.dll
0x00007ff9a8260000 - 0x00007ff9a827d000 	C:\WINDOWS\system32\NLAapi.dll
0x00007ff96b570000 - 0x00007ff96b582000 	C:\WINDOWS\System32\winrnr.dll
0x00007ff9a3480000 - 0x00007ff9a348a000 	C:\Windows\System32\rasadhlp.dll
0x00007ff9a3360000 - 0x00007ff9a33e0000 	C:\WINDOWS\System32\fwpuclnt.dll
0x00007ff9ad8c0000 - 0x00007ff9ad8e7000 	C:\WINDOWS\System32\bcrypt.dll
0x00007ff9ace20000 - 0x00007ff9ace38000 	C:\WINDOWS\SYSTEM32\CRYPTSP.dll
0x00007ff9ac530000 - 0x00007ff9ac564000 	C:\WINDOWS\system32\rsaenh.dll
0x00007ff9ad3a0000 - 0x00007ff9ad3ce000 	C:\WINDOWS\SYSTEM32\USERENV.dll
0x00007ff9ace40000 - 0x00007ff9ace4c000 	C:\WINDOWS\SYSTEM32\CRYPTBASE.dll

dbghelp: loaded successfully - version: 4.0.5 - missing functions: none
symbol engine: initialized successfully - sym options: 0x614 - pdb path: .;C:\Program Files\Java\jdk-17.0.5\bin;C:\WINDOWS\SYSTEM32;C:\WINDOWS\WinSxS\amd64_microsoft.windows.common-controls_6595b64144ccf1df_6.0.19041.1110_none_60b5254171f9507e;C:\Program Files\Java\jdk-17.0.5\bin\server

VM Arguments:
java_command: C:\Users\moham\AppData\Local\Temp\surefire12765715145115368427\surefirebooter5657143544036070816.jar C:\Users\moham\AppData\Local\Temp\surefire12765715145115368427 2022-10-29T20-36-37_530-jvmRun1 surefire15986973540643887134tmp surefire_02614498219219338701tmp
java_class_path (initial): C:\Users\moham\AppData\Local\Temp\surefire12765715145115368427\surefirebooter5657143544036070816.jar
Launcher Type: SUN_STANDARD

[Global flags]
     intx CICompilerCount                          = 3                                         {product} {ergonomic}
     uint ConcGCThreads                            = 2                                         {product} {ergonomic}
     uint G1ConcRefinementThreads                  = 6                                         {product} {ergonomic}
   size_t G1HeapRegionSize                         = 1048576                                   {product} {ergonomic}
    uintx GCDrainStackTargetSize                   = 64                                        {product} {ergonomic}
   size_t InitialHeapSize                          = 56623104                                  {product} {ergonomic}
   size_t MarkStackSize                            = 4194304                                   {product} {ergonomic}
   size_t MaxHeapSize                              = 903872512                                 {product} {ergonomic}
   size_t MaxNewSize                               = 542113792                                 {product} {ergonomic}
   size_t MinHeapDeltaBytes                        = 1048576                                   {product} {ergonomic}
   size_t MinHeapSize                              = 8388608                                   {product} {ergonomic}
    uintx NonNMethodCodeHeapSize                   = 5832780                                {pd product} {ergonomic}
    uintx NonProfiledCodeHeapSize                  = 122912730                              {pd product} {ergonomic}
    uintx ProfiledCodeHeapSize                     = 122912730                              {pd product} {ergonomic}
    uintx ReservedCodeCacheSize                    = 251658240                              {pd product} {ergonomic}
     bool SegmentedCodeCache                       = true                                      {product} {ergonomic}
   size_t SoftMaxHeapSize                          = 903872512                              {manageable} {ergonomic}
     bool UseCompressedClassPointers               = true                           {product lp64_product} {ergonomic}
     bool UseCompressedOops                        = true                           {product lp64_product} {ergonomic}
     bool UseG1GC                                  = true                                      {product} {ergonomic}
     bool UseLargePagesIndividualAllocation        = false                                  {pd product} {ergonomic}

Logging:
Log output configuration:
 #0: stdout all=warning uptime,level,tags
 #1: stderr all=off uptime,level,tags

Environment Variables:
PATH=C:\Program Files\JetBrains\IntelliJ IDEA 2019.1.4\jre64\\bin;C:\Program Files\JetBrains\IntelliJ IDEA 2019.1.4\jre64\\bin\server;C:\Program Files\JetBrains\IntelliJ IDEA 2019.1.4\jre64\\bin;C:\Program Files\JetBrains\IntelliJ IDEA 2019.1.4\jre64\\bin\server;C:\Users\moham\AppData\Local\Programs\Python\Python39;C:\Program Files\Common Files\Oracle\Java\javapath;C:\WINDOWS\system32;C:\WINDOWS;C:\WINDOWS\System32\Wbem;C:\WINDOWS\System32\WindowsPowerShell\v1.0\;C:\WINDOWS\System32\OpenSSH\;C:\Program Files\dev\nodejs\;C:\ProgramData\chocolatey\bin;C:\Program Files\Git\cmd;C:\Program Files\PostgreSQL\14\bin;C:\Program Files\Docker\Docker\resources\bin;C:\ProgramData\DockerDesktop\version-bin;C:\protoc-21.4-win64\bin;C:\Program Files\dotnet\;C:\Users\moham\AppData\Local\Microsoft\WindowsApps;C:\Users\moham\AppData\Roaming\npm;C:\Users\moham\AppData\Local\GitHubDesktop\bin;C:\Users\moham\AppData\Local\Programs\Microsoft VS Code\bin;;C:\Program Files\JetBrains\IntelliJ IDEA 2019.1.4\bin;
USERNAME=moham
OS=Windows_NT
PROCESSOR_IDENTIFIER=AMD64 Family 23 Model 96 Stepping 1, AuthenticAMD



---------------  S Y S T E M  ---------------

OS:
 Windows 10 , 64 bit Build 19041 (10.0.19041.1889)
OS uptime: 0 days 3:10 hours
Hyper-V role detected

CPU: total 6 (initial active 6) (6 cores per cpu, 1 threads per core) family 23 model 96 stepping 1 microcode 0x0, cx8, cmov, fxsr, mmx, 3dnowpref, sse, sse2, sse3, ssse3, sse4a, sse4.1, sse4.2, popcnt, lzcnt, tsc, tscinvbit, avx, avx2, aes, clmul, bmi1, bmi2, adx, sha, fma, vzeroupper, clflush, clflushopt, hv

Memory: 4k page, system-wide physical 3445M (38M free)
TotalPageFile size 14152M (AvailPageFile size 127M)
current process WorkingSet (physical memory assigned to process): 193M, peak: 199M
current process commit charge ("private bytes"): 347M, peak: 621M

vm_info: Java HotSpot(TM) 64-Bit Server VM (17.0.5+9-LTS-191) for windows-amd64 JRE (17.0.5+9-LTS-191), built on Sep 13 2022 17:31:43 by "mach5one" with MS VC++ 16.8 / 16.9 (VS2019)

END.
